<?xml version="1.0" encoding="UTF-8"?>
<!-- Generated by org.testng.reporters.JUnitReportReporter -->
<testsuite hostname="com37" failures="0" tests="1" name="testCase.TC02_Login" time="18.047" errors="0" timestamp="27 Sep 2018 09:29:57 GMT" skipped="0">
  <testcase classname="testCase.TC02_Login" name="login" time="18.047"/>
</testsuite> <!-- testCase.TC02_Login -->
