<?xml version="1.0" encoding="UTF-8"?>
<!-- Generated by org.testng.reporters.JUnitReportReporter -->
<testsuite hostname="com37" failures="0" tests="1" name="testCase.TC02_Login" time="13.051" errors="0" timestamp="26 Sep 2018 06:40:46 GMT" skipped="0">
  <testcase classname="testCase.TC02_Login" name="login" time="13.051"/>
</testsuite> <!-- testCase.TC02_Login -->
