<?xml version="1.0" encoding="UTF-8"?>
<!-- Generated by org.testng.reporters.JUnitReportReporter -->
<testsuite hostname="com37" failures="0" tests="1" name="testCase.TC03_Profile" time="26.846" errors="0" timestamp="25 Sep 2018 10:12:37 GMT">
  <testcase classname="testCase.TC03_Profile" name="editProfile" time="26.846"/>
</testsuite>
