<?xml version="1.0" encoding="UTF-8"?>
<!-- Generated by org.testng.reporters.JUnitReportReporter -->
<testsuite hostname="com37" failures="0" tests="1" name="testCase.TC02_Login" time="5.648" errors="0" timestamp="25 Sep 2018 12:11:04 GMT">
  <testcase classname="testCase.TC02_Login" name="login" time="5.648"/>
</testsuite>
